[0107/124345.198:ERROR:crash_report_database_win.cc(558)] GetFileAttributes C:\Users\310268~1\AppData\Local\Temp\scoped_dir11356_1627023446\Crashpad: The system cannot find the file specified. (0x2)
[0107/124411.532:ERROR:crash_report_database_win.cc(558)] GetFileAttributes C:\Users\310268~1\AppData\Local\Temp\scoped_dir15380_169446609\Crashpad: The system cannot find the file specified. (0x2)
[0107/125053.405:ERROR:crash_report_database_win.cc(558)] GetFileAttributes C:\Users\310268~1\AppData\Local\Temp\scoped_dir1340_1410219760\Crashpad: The system cannot find the file specified. (0x2)
[0107/140145.348:ERROR:crash_report_database_win.cc(558)] GetFileAttributes C:\Users\310268~1\AppData\Local\Temp\scoped_dir10852_1243445112\Crashpad: The system cannot find the file specified. (0x2)
[0107/141750.842:ERROR:crash_report_database_win.cc(558)] GetFileAttributes C:\Users\310268~1\AppData\Local\Temp\scoped_dir11076_1802461415\Crashpad: The system cannot find the file specified. (0x2)
[0107/143753.633:ERROR:crash_report_database_win.cc(558)] GetFileAttributes C:\Users\310268~1\AppData\Local\Temp\scoped_dir12192_328001483\Crashpad: The system cannot find the file specified. (0x2)
[0107/144635.349:ERROR:crash_report_database_win.cc(558)] GetFileAttributes C:\Users\310268~1\AppData\Local\Temp\scoped_dir19688_1840001405\Crashpad: The system cannot find the file specified. (0x2)
[0107/151640.196:ERROR:crash_report_database_win.cc(558)] GetFileAttributes C:\Users\310268~1\AppData\Local\Temp\scoped_dir12000_799806042\Crashpad: The system cannot find the file specified. (0x2)
[0108/140241.658:ERROR:crash_report_database_win.cc(558)] GetFileAttributes C:\Users\310268~1\AppData\Local\Temp\scoped_dir21716_1177629154\Crashpad: The system cannot find the file specified. (0x2)
[0108/140654.218:ERROR:crash_report_database_win.cc(558)] GetFileAttributes C:\Users\310268~1\AppData\Local\Temp\scoped_dir9672_2086538066\Crashpad: The system cannot find the file specified. (0x2)
[0422/183321.362:ERROR:crash_report_database_win.cc(558)] GetFileAttributes C:\Users\310268~1\AppData\Local\Temp\scoped_dir10628_1250495039\Crashpad: The system cannot find the file specified. (0x2)
[0605/123544.619:ERROR:crash_report_database_win.cc(558)] GetFileAttributes C:\Users\320035~1\AppData\Local\Temp\scoped_dir17972_138459164\Crashpad: The system cannot find the file specified. (0x2)
[0615/134504.000:ERROR:crash_report_database_win.cc(558)] GetFileAttributes C:\Users\320035~1\AppData\Local\Temp\scoped_dir18128_1602467808\Crashpad: The system cannot find the file specified. (0x2)
[0616/165518.599:ERROR:crash_report_database_win.cc(558)] GetFileAttributes C:\Users\320035~1\AppData\Local\Temp\scoped_dir5180_719904553\Crashpad: The system cannot find the file specified. (0x2)
[0616/171339.249:ERROR:crash_report_database_win.cc(558)] GetFileAttributes C:\Users\320035~1\AppData\Local\Temp\scoped_dir18516_324133869\Crashpad: The system cannot find the file specified. (0x2)
[0618/163405.643:ERROR:crash_report_database_win.cc(558)] GetFileAttributes C:\Users\320035~1\AppData\Local\Temp\scoped_dir2152_1804478213\Crashpad: The system cannot find the file specified. (0x2)
[0619/111758.759:ERROR:prune_crash_reports.cc(35)] PruneCrashReportDatabase: Failed to get pending reports
[0619/112820.568:ERROR:crash_report_database_win.cc(558)] GetFileAttributes C:\Users\320035~1\AppData\Local\Temp\scoped_dir19764_45796209\Crashpad: The system cannot find the file specified. (0x2)
[0619/113102.715:ERROR:crash_report_database_win.cc(558)] GetFileAttributes C:\Users\320035~1\AppData\Local\Temp\scoped_dir17712_1081246887\Crashpad: The system cannot find the file specified. (0x2)
[0619/202915.212:ERROR:process_reader_win.cc(123)] NtOpenThread: {Access Denied} A process has requested access to an object, but has not been granted those access rights. (0xc0000022)
[0619/202915.212:ERROR:exception_snapshot_win.cc(98)] thread ID 11596 not found in process
[0708/144338.774:ERROR:crash_report_database_win.cc(558)] GetFileAttributes C:\Users\320035~1\AppData\Local\Temp\scoped_dir1704_65198948\Crashpad: The system cannot find the file specified. (0x2)
[0708/145255.846:ERROR:prune_crash_reports.cc(35)] PruneCrashReportDatabase: Failed to get pending reports
[0708/150252.724:ERROR:prune_crash_reports.cc(35)] PruneCrashReportDatabase: Failed to get pending reports
[0708/170213.190:ERROR:prune_crash_reports.cc(35)] PruneCrashReportDatabase: Failed to get pending reports
[0708/173839.950:ERROR:process_reader_win.cc(123)] NtOpenThread: {Access Denied} A process has requested access to an object, but has not been granted those access rights. (0xc0000022)
[0708/173839.966:ERROR:exception_snapshot_win.cc(98)] thread ID 19956 not found in process
[0910/072732.201:ERROR:prune_crash_reports.cc(36)] PruneCrashReportDatabase: Failed to get pending reports
[0910/072815.490:ERROR:crash_report_database_win.cc(558)] GetFileAttributes C:\Users\320035~1\AppData\Local\Temp\scoped_dir536_1775767668\Crashpad: The system cannot find the file specified. (0x2)
[0910/073205.032:ERROR:crash_report_database_win.cc(558)] GetFileAttributes C:\Users\320035~1\AppData\Local\Temp\scoped_dir3000_352175730\Crashpad: The system cannot find the file specified. (0x2)
[0910/073321.711:ERROR:crash_report_database_win.cc(558)] GetFileAttributes C:\Users\320035~1\AppData\Local\Temp\scoped_dir1560_1994155978\Crashpad: The system cannot find the file specified. (0x2)
[0910/164537.046:ERROR:crash_report_database_win.cc(558)] GetFileAttributes C:\Users\320035~1\AppData\Local\Temp\scoped_dir21832_276397488\Crashpad: The system cannot find the file specified. (0x2)
[0910/183519.577:ERROR:crash_report_database_win.cc(558)] GetFileAttributes C:\Users\320035~1\AppData\Local\Temp\scoped_dir12916_1670599549\Crashpad: The system cannot find the file specified. (0x2)
[0910/183827.698:ERROR:crash_report_database_win.cc(558)] GetFileAttributes C:\Users\320035~1\AppData\Local\Temp\scoped_dir18288_725869478\Crashpad: The system cannot find the file specified. (0x2)
[0910/184355.626:ERROR:crash_report_database_win.cc(558)] GetFileAttributes C:\Users\320035~1\AppData\Local\Temp\scoped_dir23476_599243229\Crashpad: The system cannot find the file specified. (0x2)
[0910/185030.060:ERROR:crash_report_database_win.cc(558)] GetFileAttributes C:\Users\320035~1\AppData\Local\Temp\scoped_dir20976_924912898\Crashpad: The system cannot find the file specified. (0x2)
[0914/101702.514:ERROR:process_reader_win.cc(123)] NtOpenThread: {Access Denied} A process has requested access to an object, but has not been granted those access rights. (0xc0000022)
[0914/101702.563:ERROR:exception_snapshot_win.cc(99)] thread ID 7512 not found in process
[1012/151222.582:ERROR:directory_reader_win.cc(43)] FindFirstFile: The system cannot find the path specified. (0x3)
[1013/113951.488:ERROR:directory_reader_win.cc(43)] FindFirstFile: The system cannot find the path specified. (0x3)
[1013/120640.872:ERROR:directory_reader_win.cc(43)] FindFirstFile: The system cannot find the path specified. (0x3)
[1013/120947.027:ERROR:directory_reader_win.cc(43)] FindFirstFile: The system cannot find the path specified. (0x3)
[1013/125221.304:ERROR:directory_reader_win.cc(43)] FindFirstFile: The system cannot find the path specified. (0x3)
[1013/125413.840:ERROR:directory_reader_win.cc(43)] FindFirstFile: The system cannot find the path specified. (0x3)
[1013/125607.083:ERROR:directory_reader_win.cc(43)] FindFirstFile: The system cannot find the path specified. (0x3)
[1013/145236.927:ERROR:directory_reader_win.cc(43)] FindFirstFile: The system cannot find the path specified. (0x3)
[1013/150348.274:ERROR:directory_reader_win.cc(43)] FindFirstFile: The system cannot find the path specified. (0x3)
[1013/150543.114:ERROR:directory_reader_win.cc(43)] FindFirstFile: The system cannot find the path specified. (0x3)
[1013/162143.294:ERROR:directory_reader_win.cc(43)] FindFirstFile: The system cannot find the path specified. (0x3)
[1013/162750.376:ERROR:directory_reader_win.cc(43)] FindFirstFile: The system cannot find the path specified. (0x3)
[1013/164346.227:ERROR:directory_reader_win.cc(43)] FindFirstFile: The system cannot find the path specified. (0x3)
[1013/164730.694:ERROR:directory_reader_win.cc(43)] FindFirstFile: The system cannot find the path specified. (0x3)
[1013/165144.130:ERROR:directory_reader_win.cc(43)] FindFirstFile: The system cannot find the path specified. (0x3)
[1013/173946.593:ERROR:directory_reader_win.cc(43)] FindFirstFile: The system cannot find the path specified. (0x3)
[1013/174319.526:ERROR:directory_reader_win.cc(43)] FindFirstFile: The system cannot find the path specified. (0x3)
[1013/175518.843:ERROR:directory_reader_win.cc(43)] FindFirstFile: The system cannot find the path specified. (0x3)
[1013/175707.008:ERROR:directory_reader_win.cc(43)] FindFirstFile: The system cannot find the path specified. (0x3)
[1013/182452.419:ERROR:directory_reader_win.cc(43)] FindFirstFile: The system cannot find the path specified. (0x3)
[1013/182618.400:ERROR:directory_reader_win.cc(43)] FindFirstFile: The system cannot find the path specified. (0x3)
[1013/183252.939:ERROR:directory_reader_win.cc(43)] FindFirstFile: The system cannot find the path specified. (0x3)
[1013/184959.112:ERROR:directory_reader_win.cc(43)] FindFirstFile: The system cannot find the path specified. (0x3)
[1013/185832.403:ERROR:directory_reader_win.cc(43)] FindFirstFile: The system cannot find the path specified. (0x3)
[1013/191031.904:ERROR:directory_reader_win.cc(43)] FindFirstFile: The system cannot find the path specified. (0x3)
[1013/191151.343:ERROR:directory_reader_win.cc(43)] FindFirstFile: The system cannot find the path specified. (0x3)
[1013/191359.476:ERROR:directory_reader_win.cc(43)] FindFirstFile: The system cannot find the path specified. (0x3)
[1013/191956.083:ERROR:directory_reader_win.cc(43)] FindFirstFile: The system cannot find the path specified. (0x3)
[1013/192645.911:ERROR:directory_reader_win.cc(43)] FindFirstFile: The system cannot find the path specified. (0x3)
[1013/194243.047:ERROR:directory_reader_win.cc(43)] FindFirstFile: The system cannot find the path specified. (0x3)
[1013/194526.036:ERROR:directory_reader_win.cc(43)] FindFirstFile: The system cannot find the path specified. (0x3)
[1013/194732.663:ERROR:directory_reader_win.cc(43)] FindFirstFile: The system cannot find the path specified. (0x3)
[1013/194841.188:ERROR:directory_reader_win.cc(43)] FindFirstFile: The system cannot find the path specified. (0x3)
[1013/195146.380:ERROR:directory_reader_win.cc(43)] FindFirstFile: The system cannot find the path specified. (0x3)
[1013/195936.478:ERROR:directory_reader_win.cc(43)] FindFirstFile: The system cannot find the path specified. (0x3)
[1013/200334.094:ERROR:directory_reader_win.cc(43)] FindFirstFile: The system cannot find the path specified. (0x3)
[1013/200526.155:ERROR:directory_reader_win.cc(43)] FindFirstFile: The system cannot find the path specified. (0x3)
[1013/202546.870:ERROR:directory_reader_win.cc(43)] FindFirstFile: The system cannot find the path specified. (0x3)
[1013/203228.896:ERROR:directory_reader_win.cc(43)] FindFirstFile: The system cannot find the path specified. (0x3)
[1013/203330.396:ERROR:directory_reader_win.cc(43)] FindFirstFile: The system cannot find the path specified. (0x3)
[1013/203822.013:ERROR:directory_reader_win.cc(43)] FindFirstFile: The system cannot find the path specified. (0x3)
[1013/204630.773:ERROR:directory_reader_win.cc(43)] FindFirstFile: The system cannot find the path specified. (0x3)
[1013/205659.402:ERROR:directory_reader_win.cc(43)] FindFirstFile: The system cannot find the path specified. (0x3)
[1013/210152.097:ERROR:directory_reader_win.cc(43)] FindFirstFile: The system cannot find the path specified. (0x3)
[1013/210439.906:ERROR:directory_reader_win.cc(43)] FindFirstFile: The system cannot find the path specified. (0x3)
[1013/210815.177:ERROR:directory_reader_win.cc(43)] FindFirstFile: The system cannot find the path specified. (0x3)
[1013/211514.407:ERROR:directory_reader_win.cc(43)] FindFirstFile: The system cannot find the path specified. (0x3)
[1013/213426.108:ERROR:directory_reader_win.cc(43)] FindFirstFile: The system cannot find the path specified. (0x3)
[1013/213925.345:ERROR:directory_reader_win.cc(43)] FindFirstFile: The system cannot find the path specified. (0x3)
[1013/215155.302:ERROR:directory_reader_win.cc(43)] FindFirstFile: The system cannot find the path specified. (0x3)
[1013/215442.775:ERROR:directory_reader_win.cc(43)] FindFirstFile: The system cannot find the path specified. (0x3)
[1015/112734.219:ERROR:directory_reader_win.cc(43)] FindFirstFile: The system cannot find the path specified. (0x3)
[1015/190112.480:ERROR:directory_reader_win.cc(43)] FindFirstFile: The system cannot find the path specified. (0x3)
[1015/190936.960:ERROR:directory_reader_win.cc(43)] FindFirstFile: The system cannot find the path specified. (0x3)
[1015/193532.401:ERROR:directory_reader_win.cc(43)] FindFirstFile: The system cannot find the path specified. (0x3)
[1015/194642.659:ERROR:directory_reader_win.cc(43)] FindFirstFile: The system cannot find the path specified. (0x3)
[1015/195024.261:ERROR:directory_reader_win.cc(43)] FindFirstFile: The system cannot find the path specified. (0x3)
[1015/195633.687:ERROR:directory_reader_win.cc(43)] FindFirstFile: The system cannot find the path specified. (0x3)
[1015/195910.449:ERROR:directory_reader_win.cc(43)] FindFirstFile: The system cannot find the path specified. (0x3)
[1019/145023.284:ERROR:directory_reader_win.cc(43)] FindFirstFile: The system cannot find the path specified. (0x3)
[1019/145454.620:ERROR:directory_reader_win.cc(43)] FindFirstFile: The system cannot find the path specified. (0x3)
[1019/145656.087:ERROR:directory_reader_win.cc(43)] FindFirstFile: The system cannot find the path specified. (0x3)
[1019/150144.412:ERROR:directory_reader_win.cc(43)] FindFirstFile: The system cannot find the path specified. (0x3)
[1019/150421.929:ERROR:directory_reader_win.cc(43)] FindFirstFile: The system cannot find the path specified. (0x3)
[1019/150556.309:ERROR:directory_reader_win.cc(43)] FindFirstFile: The system cannot find the path specified. (0x3)
